[35m[Appium][39m Welcome to Appium v1.22.3
[35m[Appium][39m Non-default server args:
[35m[Appium][39m   port: 64957
[35m[Appium][39m   loglevel: info
[35m[Appium][39m   tmpDir: D:\Users\bsi80196\AppData\Local\Temp\\Katalon\Appium\Temp1694095306740
[35m[Appium][39m   chromedriverPort: 64958
[35m[Appium][39m Deprecated server args:
[35m[Appium][39m   [31m--chromedriver-port[39m => --default-capabilities
[35m[Appium][39m Default capabilities, which will be added to each request unless overridden by desired capabilities:
[35m[Appium][39m   chromedriverPort: 64958
[35m[Appium][39m Appium REST http interface listener started on 0.0.0.0:64957
[35m[HTTP][39m [37m-->[39m [37mGET[39m [37m/wd/hub/status[39m
[35m[HTTP][39m [90m{}[39m
[35m[HTTP][39m [37m<-- GET /wd/hub/status [39m[32m200[39m [90m3 ms - 68[39m
[35m[HTTP][39m [90m[39m
[35m[HTTP][39m [37m-->[39m [37mGET[39m [37m/wd/hub/status[39m
[35m[HTTP][39m [90m{}[39m
[35m[HTTP][39m [37m<-- GET /wd/hub/status [39m[32m200[39m [90m1 ms - 68[39m
[35m[HTTP][39m [90m[39m
[35m[HTTP][39m [37m-->[39m [37mPOST[39m [37m/wd/hub/session[39m
[35m[HTTP][39m [90m{"desiredCapabilities":{"appActivity":".Settings","appPackage":"com.android.settings","newCommandTimeout":1800,"platformVersion":"14","automationName":"uiautomator2","autoGrantPermissions":true,"platformName":"Android","udid":"emulator-5554","deviceName":"emulator-5554 (sdk_gphone64_x86_64 - Android 14)","platform":"ANDROID","systemPort":8248},"capabilities":{"firstMatch":[{"appium:appActivity":".Settings","appium:appPackage":"com.android.settings","appium:autoGrantPermissions":true,"appium:automationName":"uiautomator2","appium:deviceName":"emulator-5554 (sdk_gphone64_x86_64 - Android 14)","appium:newCommandTimeout":1800,"platform":"ANDROID","platformName":"android","appium:platformVersion":"14","appium:systemPort":8248,"appium:udid":"emulator-5554"}]}}[39m
[35m[BaseDriver][39m The following capabilities are not standard capabilities and should have an extension prefix:
[35m[BaseDriver][39m   platform
[35m[BaseDriver][39m   chromedriverPort
[35m[Appium][39m Appium v1.22.3 creating new AndroidUiautomator2Driver (v1.70.1) session
[35m[BaseDriver][39m The following capabilities were provided, but are not recognized by Appium:
[35m[BaseDriver][39m   platform
[35m[BaseDriver][39m Session created with session id: 703a790e-4846-4d2f-a8e5-8d0b1216f595
[35m[UiAutomator2][39m Starting 'com.android.settings' directly on the device
[35m[ADB][39m Found 1 'build-tools' folders under 'D:\Users\bsi80196\.katalon\tools\android_sdk' (newest first):
[35m[ADB][39m     D:/Users/bsi80196/.katalon/tools/android_sdk/build-tools/29.0.3
[35m[ADB][39m Using 'adb.exe' from 'D:\Users\bsi80196\.katalon\tools\android_sdk\platform-tools\adb.exe'
[35m[AndroidDriver][39m Retrieving device list
[35m[AndroidDriver][39m Using device: emulator-5554
[35m[ADB][39m Using 'adb.exe' from 'D:\Users\bsi80196\.katalon\tools\android_sdk\platform-tools\adb.exe'
[35m[ADB][39m Getting device platform version
[35m[UiAutomator2][39m Relaxing hidden api policy
[35m[AndroidDriver][39m No app sent in, not parsing package/activity
[35m[ADB][39m Using 'apksigner.jar' from 'D:\Users\bsi80196\.katalon\tools\android_sdk\build-tools\29.0.3\lib\apksigner.jar'
[35m[ADB][39m 'D:\Users\bsi80196\AppData\Roaming\npm\node_modules\appium\node_modules\appium-uiautomator2-server\apks\appium-uiautomator2-server-v4.27.0.apk' is signed with the default certificate
[35m[ADB][39m 'D:\Users\bsi80196\AppData\Roaming\npm\node_modules\appium\node_modules\appium-uiautomator2-server\apks\appium-uiautomator2-server-debug-androidTest.apk' is signed with the default certificate
[35m[UiAutomator2][39m Server packages are not going to be (re)installed
[35m[ADB][39m Adding packages ["io.appium.settings","io.appium.uiautomator2.server","io.appium.uiautomator2.server.test"] to Doze whitelist
[35m[UiAutomator2][39m Starting UIAutomator2 server 4.27.0
[35m[UiAutomator2][39m Using UIAutomator2 server from 'D:\Users\bsi80196\AppData\Roaming\npm\node_modules\appium\node_modules\appium-uiautomator2-server\apks\appium-uiautomator2-server-v4.27.0.apk' and test from 'D:\Users\bsi80196\AppData\Roaming\npm\node_modules\appium\node_modules\appium-uiautomator2-server\apks\appium-uiautomator2-server-debug-androidTest.apk'
[35m[UiAutomator2][39m Waiting up to 30000ms for UiAutomator2 to be online...
[35m[WD Proxy][39m socket hang up
[35m[WD Proxy][39m socket hang up
[35m[WD Proxy][39m Determined the downstream protocol as 'W3C'
[35m[AndroidDriver][39m Screen already unlocked, doing nothing
[35m[UiAutomator2][39m Starting 'com.android.settings/.Settings and waiting for 'com.android.settings/.Settings'
[35m[Appium][39m New AndroidUiautomator2Driver session created successfully, session 703a790e-4846-4d2f-a8e5-8d0b1216f595 added to master session list
[35m[HTTP][39m [37m<-- POST /wd/hub/session [39m[32m200[39m [90m7487 ms - 1194[39m
[35m[HTTP][39m [90m[39m
[35m[HTTP][39m [37m-->[39m [37mGET[39m [37m/wd/hub/session/703a790e-4846-4d2f-a8e5-8d0b1216f595[39m
[35m[HTTP][39m [90m{}[39m
[35m[HTTP][39m [37m<-- GET /wd/hub/session/703a790e-4846-4d2f-a8e5-8d0b1216f595 [39m[32m200[39m [90m17 ms - 1148[39m
[35m[HTTP][39m [90m[39m
[35m[HTTP][39m [37m-->[39m [37mGET[39m [37m/wd/hub/session/703a790e-4846-4d2f-a8e5-8d0b1216f595[39m
[35m[HTTP][39m [90m{}[39m
[35m[HTTP][39m [37m<-- GET /wd/hub/session/703a790e-4846-4d2f-a8e5-8d0b1216f595 [39m[32m200[39m [90m15 ms - 1148[39m
[35m[HTTP][39m [90m[39m
[35m[HTTP][39m [37m-->[39m [37mGET[39m [37m/wd/hub/status[39m
[35m[HTTP][39m [90m{}[39m
[35m[HTTP][39m [37m<-- GET /wd/hub/status [39m[32m200[39m [90m1 ms - 68[39m
[35m[HTTP][39m [90m[39m
[35m[HTTP][39m [37m-->[39m [37mPOST[39m [37m/wd/hub/session/703a790e-4846-4d2f-a8e5-8d0b1216f595/timeouts[39m
[35m[HTTP][39m [90m{"implicit":60000}[39m
[35m[HTTP][39m [37m<-- POST /wd/hub/session/703a790e-4846-4d2f-a8e5-8d0b1216f595/timeouts [39m[32m200[39m [90m2 ms - 14[39m
[35m[HTTP][39m [90m[39m
[35m[HTTP][39m [37m-->[39m [37mGET[39m [37m/wd/hub/session/703a790e-4846-4d2f-a8e5-8d0b1216f595/screenshot[39m
[35m[HTTP][39m [90m{}[39m
[35m[HTTP][39m [37m<-- GET /wd/hub/session/703a790e-4846-4d2f-a8e5-8d0b1216f595/screenshot [39m[32m200[39m [90m430 ms - 173030[39m
[35m[HTTP][39m [90m[39m
[35m[HTTP][39m [37m-->[39m [37mGET[39m [37m/wd/hub/session/703a790e-4846-4d2f-a8e5-8d0b1216f595/window/rect[39m
[35m[HTTP][39m [90m{}[39m
[35m[HTTP][39m [37m<-- GET /wd/hub/session/703a790e-4846-4d2f-a8e5-8d0b1216f595/window/rect [39m[32m200[39m [90m17 ms - 50[39m
[35m[HTTP][39m [90m[39m
[35m[HTTP][39m [37m-->[39m [37mGET[39m [37m/wd/hub/session/703a790e-4846-4d2f-a8e5-8d0b1216f595/appium/device/system_bars[39m
[35m[HTTP][39m [90m{}[39m
[35m[HTTP][39m [37m<-- GET /wd/hub/session/703a790e-4846-4d2f-a8e5-8d0b1216f595/appium/device/system_bars [39m[32m200[39m [90m81 ms - 145[39m
[35m[HTTP][39m [90m[39m
[35m[HTTP][39m [37m-->[39m [37mPOST[39m [37m/wd/hub/session/703a790e-4846-4d2f-a8e5-8d0b1216f595/appium/device/activate_app[39m
[35m[HTTP][39m [90m{"bundleId":"com.codingid.codingidhive.betastaging"}[39m
[35m[HTTP][39m [37m<-- POST /wd/hub/session/703a790e-4846-4d2f-a8e5-8d0b1216f595/appium/device/activate_app [39m[32m200[39m [90m330 ms - 14[39m
[35m[HTTP][39m [90m[39m
[35m[HTTP][39m [37m-->[39m [37mGET[39m [37m/wd/hub/session/703a790e-4846-4d2f-a8e5-8d0b1216f595/source[39m
[35m[HTTP][39m [90m{}[39m
[35m[W3C (703a790e)][39m Driver proxy active, passing request on via HTTP proxy
[35m[WD Proxy][39m Replacing sessionId 39266da2-1fad-4eed-b0d2-0c7585cd8265 with 703a790e-4846-4d2f-a8e5-8d0b1216f595
[35m[HTTP][39m [37m<-- GET /wd/hub/session/703a790e-4846-4d2f-a8e5-8d0b1216f595/source [39m[32m200[39m [90m111 ms - 2889[39m
[35m[HTTP][39m [90m[39m
[35m[HTTP][39m [37m-->[39m [37mGET[39m [37m/wd/hub/session/703a790e-4846-4d2f-a8e5-8d0b1216f595/screenshot[39m
[35m[HTTP][39m [90m{}[39m
[35m[HTTP][39m [37m<-- GET /wd/hub/session/703a790e-4846-4d2f-a8e5-8d0b1216f595/screenshot [39m[32m200[39m [90m350 ms - 101634[39m
[35m[HTTP][39m [90m[39m
[35m[HTTP][39m [37m-->[39m [37mGET[39m [37m/wd/hub/session/703a790e-4846-4d2f-a8e5-8d0b1216f595/source[39m
[35m[HTTP][39m [90m{}[39m
[35m[W3C (703a790e)][39m Driver proxy active, passing request on via HTTP proxy
[35m[WD Proxy][39m Replacing sessionId 39266da2-1fad-4eed-b0d2-0c7585cd8265 with 703a790e-4846-4d2f-a8e5-8d0b1216f595
[35m[HTTP][39m [37m<-- GET /wd/hub/session/703a790e-4846-4d2f-a8e5-8d0b1216f595/source [39m[32m200[39m [90m214 ms - 52628[39m
[35m[HTTP][39m [90m[39m
[35m[HTTP][39m [37m-->[39m [37mGET[39m [37m/wd/hub/session/703a790e-4846-4d2f-a8e5-8d0b1216f595/screenshot[39m
[35m[HTTP][39m [90m{}[39m
[35m[HTTP][39m [37m<-- GET /wd/hub/session/703a790e-4846-4d2f-a8e5-8d0b1216f595/screenshot [39m[32m200[39m [90m203 ms - 177680[39m
[35m[HTTP][39m [90m[39m
[35m[HTTP][39m [37m-->[39m [37mGET[39m [37m/wd/hub/session/703a790e-4846-4d2f-a8e5-8d0b1216f595/source[39m
[35m[HTTP][39m [90m{}[39m
[35m[W3C (703a790e)][39m Driver proxy active, passing request on via HTTP proxy
[35m[WD Proxy][39m Replacing sessionId 39266da2-1fad-4eed-b0d2-0c7585cd8265 with 703a790e-4846-4d2f-a8e5-8d0b1216f595
[35m[HTTP][39m [37m<-- GET /wd/hub/session/703a790e-4846-4d2f-a8e5-8d0b1216f595/source [39m[32m200[39m [90m192 ms - 42950[39m
[35m[HTTP][39m [90m[39m
[35m[HTTP][39m [37m-->[39m [37mGET[39m [37m/wd/hub/session/703a790e-4846-4d2f-a8e5-8d0b1216f595/screenshot[39m
[35m[HTTP][39m [90m{}[39m
[35m[HTTP][39m [37m<-- GET /wd/hub/session/703a790e-4846-4d2f-a8e5-8d0b1216f595/screenshot [39m[32m200[39m [90m214 ms - 257708[39m
[35m[HTTP][39m [90m[39m
[35m[HTTP][39m [37m-->[39m [37mPOST[39m [37m/wd/hub/session/703a790e-4846-4d2f-a8e5-8d0b1216f595/elements[39m
[35m[HTTP][39m [90m{"using":"xpath","value":"//*[@class = 'android.widget.EditText' and (@text = 'BujuBunengs' or . = 'BujuBunengs')]"}[39m
[35m[HTTP][39m [37m<-- POST /wd/hub/session/703a790e-4846-4d2f-a8e5-8d0b1216f595/elements [39m[32m200[39m [90m596 ms - 139[39m
[35m[HTTP][39m [90m[39m
[35m[HTTP][39m [37m-->[39m [37mDELETE[39m [37m/wd/hub/session/703a790e-4846-4d2f-a8e5-8d0b1216f595[39m
[35m[HTTP][39m [90m{}[39m
[35m[Appium][39m Removing session 703a790e-4846-4d2f-a8e5-8d0b1216f595 from our master session list
[35m[UiAutomator2][39m Restoring hidden api policy to the device default configuration
[35m[HTTP][39m [37m<-- DELETE /wd/hub/session/703a790e-4846-4d2f-a8e5-8d0b1216f595 [39m[32m200[39m [90m228 ms - 14[39m
[35m[HTTP][39m [90m[39m
